Using pre-set license
Built from '2020.3/staging' branch; Version is '2020.3.6f1 (338bb68529b2) revision 3378102'; Using compiler version '192528614'; Build Type 'Release'
OS: 'Windows 10 Home; OS build 19044.2130; Version 2009; 64bit' Language: 'en' Physical Memory: 16305 MB
BatchMode: 1, IsHumanControllingUs: 0, StartBugReporterOnCrash: 0, Is64bit: 1, IsPro: 0

 COMMAND LINE ARGUMENTS:
D:\ProjecT\Unity\Hub\Editor\2020.3.6f1\Editor\Unity.exe
-adb2
-batchMode
-noUpm
-name
AssetImportWorker1
-projectPath
D:/ProjecT/Project_Folder/Unity/Commander_Middle
-logFile
Logs/AssetImportWorker1.log
-srvPort
64721
Successfully changed project path to: D:/ProjecT/Project_Folder/Unity/Commander_Middle
D:/ProjecT/Project_Folder/Unity/Commander_Middle
Using Asset Import Pipeline V2.
Refreshing native plugins compatible for Editor in 18.38 ms, found 0 plugins.
Preloading 0 native plugins for Editor in 0.00 ms.
Initialize engine version: 2020.3.6f1 (338bb68529b2)
[Subsystems] Discovering subsystems at path D:/ProjecT/Unity/Hub/Editor/2020.3.6f1/Editor/Data/Resources/UnitySubsystems
[Subsystems] Discovering subsystems at path D:/ProjecT/Project_Folder/Unity/Commander_Middle/Assets
GfxDevice: creating device client; threaded=0
Direct3D:
    Version:  Direct3D 11.0 [level 11.1]
    Renderer: NVIDIA GeForce RTX 2070 Super with Max-Q Design (ID=0x1ed1)
    Vendor:   
    VRAM:     8012 MB
    Driver:   30.0.15.1179
Initialize mono
Mono path[0] = 'D:/ProjecT/Unity/Hub/Editor/2020.3.6f1/Editor/Data/Managed'
Mono path[1] = 'D:/ProjecT/Unity/Hub/Editor/2020.3.6f1/Editor/Data/MonoBleedingEdge/lib/mono/unityjit'
Mono config path = 'D:/ProjecT/Unity/Hub/Editor/2020.3.6f1/Editor/Data/MonoBleedingEdge/etc'
Using monoOptions --debugger-agent=transport=dt_socket,embedding=1,server=y,suspend=n,address=127.0.0.1:56812
Begin MonoManager ReloadAssembly
Registering precompiled unity dll's ...
Register platform support module: D:/ProjecT/Unity/Hub/Editor/2020.3.6f1/Editor/Data/PlaybackEngines/WindowsStandaloneSupport/UnityEditor.WindowsStandalone.Extensions.dll
Registered in 0.000872 seconds.
Native extension for WindowsStandalone target not found
Refreshing native plugins compatible for Editor in 20.10 ms, found 0 plugins.
Preloading 0 native plugins for Editor in 0.00 ms.
Mono: successfully reloaded assembly
- Completed reload, in  1.879 seconds
Platform modules already initialized, skipping
Registering precompiled user dll's ...
Registered in 0.000424 seconds.
Begin MonoManager ReloadAssembly
Native extension for WindowsStandalone target not found
Refreshing native plugins compatible for Editor in 0.18 ms, found 0 plugins.
Preloading 0 native plugins for Editor in 0.00 ms.
Mono: successfully reloaded assembly
- Completed reload, in  2.261 seconds
Platform modules already initialized, skipping
========================================================================
Worker process is ready to serve import requests
Launched and connected shader compiler UnityShaderCompiler.exe after 0.10 seconds
Refreshing native plugins compatible for Editor in 0.31 ms, found 0 plugins.
Preloading 0 native plugins for Editor in 0.00 ms.
Unloading 1115 Unused Serialized files (Serialized files now loaded: 0)
System memory in use before: 57.1 MB.
System memory in use after: 57.1 MB.

Unloading 10 unused Assets to reduce memory usage. Loaded Objects now: 1557.
Total: 1.853500 ms (FindLiveObjects: 0.145400 ms CreateObjectMapping: 0.136300 ms MarkObjects: 1.504400 ms  DeleteObjects: 0.066000 ms)

========================================================================
Received Import Request.
  path: Assets/Scripts
  artifactKey: Guid(97ed70437b39b5d49afe6727197005ce) Importer(815301076,1909f56bfc062723c751e8b465ee728b)
Start importing Assets/Scripts using Guid(97ed70437b39b5d49afe6727197005ce) Importer(815301076,1909f56bfc062723c751e8b465ee728b)  -> (artifact id: '59ea0f1218c589afe6c6325e73bbb53f') in 0.018297 seconds
  Import took 0.034071 seconds .

========================================================================
Received Import Request.
  Time since last request: 188.125648 seconds.
  path: Assets/Scripts 1
  artifactKey: Guid(69ef92c203a95c748af51b13580aedf8) Importer(815301076,1909f56bfc062723c751e8b465ee728b)
Start importing Assets/Scripts 1 using Guid(69ef92c203a95c748af51b13580aedf8) Importer(815301076,1909f56bfc062723c751e8b465ee728b)  -> (artifact id: '4eddad7bcbe00c52f579d7aa41a9db2e') in 0.005240 seconds
  Import took 0.026977 seconds .

========================================================================
Received Import Request.
  Time since last request: 0.006701 seconds.
  path: Assets/Scripts 1
  artifactKey: Guid(69ef92c203a95c748af51b13580aedf8) Importer(815301076,1909f56bfc062723c751e8b465ee728b)
Start importing Assets/Scripts 1 using Guid(69ef92c203a95c748af51b13580aedf8) Importer(815301076,1909f56bfc062723c751e8b465ee728b)  -> (artifact id: '4eddad7bcbe00c52f579d7aa41a9db2e') in 0.001586 seconds
  Import took 0.003064 seconds .

========================================================================
Received Import Request.
  Time since last request: 0.244482 seconds.
  path: Assets/Scripts 2
  artifactKey: Guid(c7d9d48c472263744af14e11556d24c2) Importer(815301076,1909f56bfc062723c751e8b465ee728b)
Start importing Assets/Scripts 2 using Guid(c7d9d48c472263744af14e11556d24c2) Importer(815301076,1909f56bfc062723c751e8b465ee728b)  -> (artifact id: '85161fbe862f5f9b6f7f4d14a2df2891') in 0.006288 seconds
  Import took 0.008768 seconds .

========================================================================
Received Import Request.
  Time since last request: 0.068234 seconds.
  path: Assets/Scripts 3
  artifactKey: Guid(72020bd18a7eef7468ac08aef8344787) Importer(815301076,1909f56bfc062723c751e8b465ee728b)
Start importing Assets/Scripts 3 using Guid(72020bd18a7eef7468ac08aef8344787) Importer(815301076,1909f56bfc062723c751e8b465ee728b)  -> (artifact id: 'a293803cdb857ba2b4d4723bbb313f3f') in 0.004846 seconds
  Import took 0.021109 seconds .

========================================================================
Received Import Request.
  Time since last request: 0.000696 seconds.
  path: Assets/Scripts 3
  artifactKey: Guid(72020bd18a7eef7468ac08aef8344787) Importer(815301076,1909f56bfc062723c751e8b465ee728b)
Start importing Assets/Scripts 3 using Guid(72020bd18a7eef7468ac08aef8344787) Importer(815301076,1909f56bfc062723c751e8b465ee728b)  -> (artifact id: 'a293803cdb857ba2b4d4723bbb313f3f') in 0.001726 seconds
  Import took 0.003269 seconds .

========================================================================
Received Import Request.
  Time since last request: 1.979042 seconds.
  path: Assets/_Scripts
  artifactKey: Guid(97ed70437b39b5d49afe6727197005ce) Importer(815301076,1909f56bfc062723c751e8b465ee728b)
Start importing Assets/_Scripts using Guid(97ed70437b39b5d49afe6727197005ce) Importer(815301076,1909f56bfc062723c751e8b465ee728b)  -> (artifact id: 'fd0bbb158f98c8048897ee82a1635293') in 0.004888 seconds
  Import took 0.014959 seconds .

========================================================================
Received Import Request.
  Time since last request: 0.531720 seconds.
  path: Assets/Scenes
  artifactKey: Guid(33a9e4ad012ebb941a8f2e4db0994770) Importer(815301076,1909f56bfc062723c751e8b465ee728b)
Start importing Assets/Scenes using Guid(33a9e4ad012ebb941a8f2e4db0994770) Importer(815301076,1909f56bfc062723c751e8b465ee728b)  -> (artifact id: '492d7324c187c99c9ff239ace5d6e1e8') in 0.005171 seconds
  Import took 0.007141 seconds .

========================================================================
Received Import Request.
  Time since last request: 5.202229 seconds.
  path: Assets/_Artwork
  artifactKey: Guid(69ef92c203a95c748af51b13580aedf8) Importer(815301076,1909f56bfc062723c751e8b465ee728b)
Start importing Assets/_Artwork using Guid(69ef92c203a95c748af51b13580aedf8) Importer(815301076,1909f56bfc062723c751e8b465ee728b)  -> (artifact id: '9637d645710c480830b4ed789bd2b7a6') in 0.004815 seconds
  Import took 0.007065 seconds .

========================================================================
Received Import Request.
  Time since last request: 21.476870 seconds.
  path: Assets/_Shader
  artifactKey: Guid(c7d9d48c472263744af14e11556d24c2) Importer(815301076,1909f56bfc062723c751e8b465ee728b)
Start importing Assets/_Shader using Guid(c7d9d48c472263744af14e11556d24c2) Importer(815301076,1909f56bfc062723c751e8b465ee728b)  -> (artifact id: 'aba5b89152741d74ab715d6632050660') in 0.005314 seconds
  Import took 0.007458 seconds .

========================================================================
Received Import Request.
  Time since last request: 48.733659 seconds.
  path: Assets/SimpleFX
  artifactKey: Guid(f9ed9f4226c3f8f488abbb5d12644366) Importer(815301076,1909f56bfc062723c751e8b465ee728b)
Start importing Assets/SimpleFX using Guid(f9ed9f4226c3f8f488abbb5d12644366) Importer(815301076,1909f56bfc062723c751e8b465ee728b)  -> (artifact id: 'dfd767ce70a3ff9a9dad8657f5867822') in 0.005391 seconds
  Import took 0.007448 seconds .

========================================================================
Received Import Request.
  Time since last request: 7.321003 seconds.
  path: Assets/_Particle
  artifactKey: Guid(f9ed9f4226c3f8f488abbb5d12644366) Importer(815301076,1909f56bfc062723c751e8b465ee728b)
Start importing Assets/_Particle using Guid(f9ed9f4226c3f8f488abbb5d12644366) Importer(815301076,1909f56bfc062723c751e8b465ee728b)  -> (artifact id: '76d6dfa5c228f096df89b7e4fb870418') in 0.005821 seconds
  Import took 0.007544 seconds .

========================================================================
Received Import Request.
  Time since last request: 211.567681 seconds.
  path: Assets/_Artwork/Blackthornprod/100 Fantasy Characters Pack/Prefabs/Character (7).prefab
  artifactKey: Guid(d6690c8a416d60d40a83a0ef96994663) Importer(815301076,1909f56bfc062723c751e8b465ee728b)
Start importing Assets/_Artwork/Blackthornprod/100 Fantasy Characters Pack/Prefabs/Character (7).prefab using Guid(d6690c8a416d60d40a83a0ef96994663) Importer(815301076,1909f56bfc062723c751e8b465ee728b)  -> (artifact id: 'f4393c4ae0cc8c389c7cdef034fa64ab') in 0.066076 seconds
  Import took 0.068319 seconds .

========================================================================
Received Import Request.
  Time since last request: 0.016074 seconds.
  path: Assets/_Artwork/Blackthornprod/100 Fantasy Characters Pack/Prefabs/Character (7).prefab
  artifactKey: Guid(d6690c8a416d60d40a83a0ef96994663) Importer(815301076,1909f56bfc062723c751e8b465ee728b)
Start importing Assets/_Artwork/Blackthornprod/100 Fantasy Characters Pack/Prefabs/Character (7).prefab using Guid(d6690c8a416d60d40a83a0ef96994663) Importer(815301076,1909f56bfc062723c751e8b465ee728b)  -> (artifact id: 'f4393c4ae0cc8c389c7cdef034fa64ab') in 0.002577 seconds
  Import took 0.004507 seconds .

========================================================================
Received Import Request.
  Time since last request: 6.565058 seconds.
  path: Assets/_Artwork/Blackthornprod/100 Fantasy Characters Pack/Sprites/characters.png
  artifactKey: Guid(0c1e734fa85636743af3bc22c6d99ba8) Importer(815301076,1909f56bfc062723c751e8b465ee728b)
Start importing Assets/_Artwork/Blackthornprod/100 Fantasy Characters Pack/Sprites/characters.png using Guid(0c1e734fa85636743af3bc22c6d99ba8) Importer(815301076,1909f56bfc062723c751e8b465ee728b)  -> (artifact id: '079a28866a823b8d952112611d525189') in 0.706480 seconds
  Import took 0.711212 seconds .

========================================================================
Received Import Request.
  Time since last request: 11.165279 seconds.
  path: Assets/_Artwork/Blackthornprod/100 Fantasy Characters Pack/Sprites/bg9.png
  artifactKey: Guid(a066e0ac0e4cd1c46a12358f9729b01d) Importer(815301076,1909f56bfc062723c751e8b465ee728b)
Start importing Assets/_Artwork/Blackthornprod/100 Fantasy Characters Pack/Sprites/bg9.png using Guid(a066e0ac0e4cd1c46a12358f9729b01d) Importer(815301076,1909f56bfc062723c751e8b465ee728b)  -> (artifact id: '54b37964a6fd46c8e7bbf3ba7a2a4f79') in 0.013388 seconds
  Import took 0.015339 seconds .

========================================================================
Received Import Request.
  Time since last request: 5.854525 seconds.
  path: Assets/_Artwork/FreePixelFood/Sprite/Food
  artifactKey: Guid(1eac3974d61d99642b808bca65a9a8b8) Importer(815301076,1909f56bfc062723c751e8b465ee728b)
Start importing Assets/_Artwork/FreePixelFood/Sprite/Food using Guid(1eac3974d61d99642b808bca65a9a8b8) Importer(815301076,1909f56bfc062723c751e8b465ee728b)  -> (artifact id: 'c1ba45e45007df9f3158693f1596ebe9') in 0.004291 seconds
  Import took 0.006155 seconds .

========================================================================
Received Import Request.
  Time since last request: 0.297891 seconds.
  path: Assets/_Artwork/FreePixelFood/Sprite/Food.png
  artifactKey: Guid(142ff8784e552734f9d6a895491d0ae8) Importer(815301076,1909f56bfc062723c751e8b465ee728b)
Start importing Assets/_Artwork/FreePixelFood/Sprite/Food.png using Guid(142ff8784e552734f9d6a895491d0ae8) Importer(815301076,1909f56bfc062723c751e8b465ee728b)  -> (artifact id: 'ed04fe1cb53060cf0f9dda5fb67b06ee') in 0.142672 seconds
  Import took 0.144615 seconds .

========================================================================
Received Import Request.
  Time since last request: 290.667809 seconds.
  path: Assets/_Particle/_Demo/Demo.unity
  artifactKey: Guid(dbe9743d9065a2445a22fa67fa9fdbb5) Importer(815301076,1909f56bfc062723c751e8b465ee728b)
Start importing Assets/_Particle/_Demo/Demo.unity using Guid(dbe9743d9065a2445a22fa67fa9fdbb5) Importer(815301076,1909f56bfc062723c751e8b465ee728b)  -> (artifact id: '12a03686c295a82b81fd47659e4ef717') in 0.006476 seconds
  Import took 0.008535 seconds .

========================================================================
Received Import Request.
  Time since last request: 18.317293 seconds.
  path: Assets/_Particle/Models/FX_PoolSplash_03.fbx
  artifactKey: Guid(104d9f0364dc5e8438f4350ff7e726dd) Importer(815301076,1909f56bfc062723c751e8b465ee728b)
Start importing Assets/_Particle/Models/FX_PoolSplash_03.fbx using Guid(104d9f0364dc5e8438f4350ff7e726dd) Importer(815301076,1909f56bfc062723c751e8b465ee728b)  -> (artifact id: '3f3cc943553861ac55caa7ca1b12f6e0') in 0.184544 seconds
  Import took 0.186594 seconds .

========================================================================
Received Import Request.
  Time since last request: 1.055929 seconds.
  path: Assets/_Particle/Models/FX_Rubble.fbx
  artifactKey: Guid(42e0384be8104584cbcc3a1fadaafb79) Importer(815301076,1909f56bfc062723c751e8b465ee728b)
Start importing Assets/_Particle/Models/FX_Rubble.fbx using Guid(42e0384be8104584cbcc3a1fadaafb79) Importer(815301076,1909f56bfc062723c751e8b465ee728b)  -> (artifact id: 'd3735d11455fb777a2676b96cedbed9c') in 0.016267 seconds
  Import took 0.018238 seconds .

========================================================================
Received Import Request.
  Time since last request: 21.266472 seconds.
  path: Assets/_Particle/Prefabs/FX_Fireworks_Green_Small.prefab
  artifactKey: Guid(cd4d7020429cde74db076ffa72495419) Importer(815301076,1909f56bfc062723c751e8b465ee728b)
Start importing Assets/_Particle/Prefabs/FX_Fireworks_Green_Small.prefab using Guid(cd4d7020429cde74db076ffa72495419) Importer(815301076,1909f56bfc062723c751e8b465ee728b)  -> (artifact id: 'c70bdbbb3e3bef14c0347f5129f7b11c') in 0.008279 seconds
  Import took 0.010353 seconds .

========================================================================
Received Import Request.
  Time since last request: 0.000383 seconds.
  path: Assets/_Particle/Prefabs/FX_Fireworks_Green_Small.prefab
  artifactKey: Guid(cd4d7020429cde74db076ffa72495419) Importer(815301076,1909f56bfc062723c751e8b465ee728b)
Start importing Assets/_Particle/Prefabs/FX_Fireworks_Green_Small.prefab using Guid(cd4d7020429cde74db076ffa72495419) Importer(815301076,1909f56bfc062723c751e8b465ee728b)  -> (artifact id: 'c70bdbbb3e3bef14c0347f5129f7b11c') in 0.003026 seconds
  Import took 0.005067 seconds .

========================================================================
Received Import Request.
  Time since last request: 0.409054 seconds.
  path: Assets/_Particle/Prefabs/FX_Fireworks_Green_Large.prefab
  artifactKey: Guid(26d069e6f78e6f8478e4dc0152bd6939) Importer(815301076,1909f56bfc062723c751e8b465ee728b)
Start importing Assets/_Particle/Prefabs/FX_Fireworks_Green_Large.prefab using Guid(26d069e6f78e6f8478e4dc0152bd6939) Importer(815301076,1909f56bfc062723c751e8b465ee728b)  -> (artifact id: '812a28542925a7635c014c38d051f5ff') in 0.006395 seconds
  Import took 0.008202 seconds .

========================================================================
Received Import Request.
  Time since last request: 0.273221 seconds.
  path: Assets/_Particle/Prefabs/FX_Fireworks_Blue_Small .prefab
  artifactKey: Guid(6636b3078b0905e489f698a11b7a6b6b) Importer(815301076,1909f56bfc062723c751e8b465ee728b)
Start importing Assets/_Particle/Prefabs/FX_Fireworks_Blue_Small .prefab using Guid(6636b3078b0905e489f698a11b7a6b6b) Importer(815301076,1909f56bfc062723c751e8b465ee728b)  -> (artifact id: '238fa42d519a2fab97068679f749f8f0') in 0.006506 seconds
  Import took 0.008441 seconds .

========================================================================
Received Prepare
Registering precompiled user dll's ...
Registered in 0.000589 seconds.
Begin MonoManager ReloadAssembly
Native extension for WindowsStandalone target not found
Refreshing native plugins compatible for Editor in 0.20 ms, found 0 plugins.
Preloading 0 native plugins for Editor in 0.00 ms.
Mono: successfully reloaded assembly
- Completed reload, in  0.689 seconds
Platform modules already initialized, skipping
Refreshing native plugins compatible for Editor in 0.20 ms, found 0 plugins.
Preloading 0 native plugins for Editor in 0.00 ms.
Unloading 1111 Unused Serialized files (Serialized files now loaded: 0)
System memory in use before: 61.2 MB.
System memory in use after: 61.3 MB.

Unloading 7 unused Assets to reduce memory usage. Loaded Objects now: 1973.
Total: 1.522400 ms (FindLiveObjects: 0.222600 ms CreateObjectMapping: 0.074900 ms MarkObjects: 1.171100 ms  DeleteObjects: 0.053000 ms)

========================================================================
Received Import Request.
  Time since last request: 13.897813 seconds.
  path: Assets/Scenes/MainScene.unity
  artifactKey: Guid(efb0fafcd78728b4fb71f05eed36cac9) Importer(815301076,1909f56bfc062723c751e8b465ee728b)
Start importing Assets/Scenes/MainScene.unity using Guid(efb0fafcd78728b4fb71f05eed36cac9) Importer(815301076,1909f56bfc062723c751e8b465ee728b)  -> (artifact id: 'ce7c5a0d3a313b80421bb4768ea2b028') in 0.013442 seconds
  Import took 0.015260 seconds .

========================================================================
Received Import Request.
  Time since last request: 3.540072 seconds.
  path: Assets/Scenes/SampleScene.unity
  artifactKey: Guid(9fc0d4010bbf28b4594072e72b8655ab) Importer(815301076,1909f56bfc062723c751e8b465ee728b)
Start importing Assets/Scenes/SampleScene.unity using Guid(9fc0d4010bbf28b4594072e72b8655ab) Importer(815301076,1909f56bfc062723c751e8b465ee728b)  -> (artifact id: '0e491382498dc13b8d186dbb76cd2d98') in 0.013290 seconds
  Import took 0.015080 seconds .

========================================================================
Received Import Request.
  Time since last request: 129.594181 seconds.
  path: Assets/_Scripts/BulletLauncher.cs
  artifactKey: Guid(2b5f73ca33e4c374fbe4cdb0c17100d5) Importer(815301076,1909f56bfc062723c751e8b465ee728b)
Start importing Assets/_Scripts/BulletLauncher.cs using Guid(2b5f73ca33e4c374fbe4cdb0c17100d5) Importer(815301076,1909f56bfc062723c751e8b465ee728b)  -> (artifact id: '45276b467e3ec033d7c099cb3789e2f5') in 0.005998 seconds
  Import took 0.007634 seconds .

========================================================================
Received Import Request.
  Time since last request: 0.020103 seconds.
  path: Assets/_Scripts/BulletLauncher.cs
  artifactKey: Guid(2b5f73ca33e4c374fbe4cdb0c17100d5) Importer(815301076,1909f56bfc062723c751e8b465ee728b)
Start importing Assets/_Scripts/BulletLauncher.cs using Guid(2b5f73ca33e4c374fbe4cdb0c17100d5) Importer(815301076,1909f56bfc062723c751e8b465ee728b)  -> (artifact id: '45276b467e3ec033d7c099cb3789e2f5') in 0.001628 seconds
  Import took 0.003439 seconds .

========================================================================
Received Prepare
Registering precompiled user dll's ...
Registered in 0.000498 seconds.
Begin MonoManager ReloadAssembly
Native extension for WindowsStandalone target not found
Refreshing native plugins compatible for Editor in 0.24 ms, found 0 plugins.
Preloading 0 native plugins for Editor in 0.00 ms.
Mono: successfully reloaded assembly
- Completed reload, in  0.979 seconds
Platform modules already initialized, skipping
Refreshing native plugins compatible for Editor in 0.22 ms, found 0 plugins.
Preloading 0 native plugins for Editor in 0.00 ms.
Unloading 1112 Unused Serialized files (Serialized files now loaded: 0)
System memory in use before: 61.3 MB.
System memory in use after: 61.4 MB.

Unloading 6 unused Assets to reduce memory usage. Loaded Objects now: 1977.
Total: 2.344600 ms (FindLiveObjects: 0.330400 ms CreateObjectMapping: 0.137200 ms MarkObjects: 1.763100 ms  DeleteObjects: 0.111300 ms)

========================================================================
Received Import Request.
  Time since last request: 352.816686 seconds.
  path: Assets/_Scripts/BulletLauncher.cs
  artifactKey: Guid(2b5f73ca33e4c374fbe4cdb0c17100d5) Importer(815301076,1909f56bfc062723c751e8b465ee728b)
Start importing Assets/_Scripts/BulletLauncher.cs using Guid(2b5f73ca33e4c374fbe4cdb0c17100d5) Importer(815301076,1909f56bfc062723c751e8b465ee728b)  -> (artifact id: 'fb2fc39136928ecc263cbce27420fae4') in 0.004651 seconds
  Import took 0.006839 seconds .

========================================================================
Received Prepare
Registering precompiled user dll's ...
Registered in 0.000535 seconds.
Begin MonoManager ReloadAssembly
Native extension for WindowsStandalone target not found
Refreshing native plugins compatible for Editor in 0.22 ms, found 0 plugins.
Preloading 0 native plugins for Editor in 0.00 ms.
Mono: successfully reloaded assembly
- Completed reload, in  0.752 seconds
Platform modules already initialized, skipping
Refreshing native plugins compatible for Editor in 0.21 ms, found 0 plugins.
Preloading 0 native plugins for Editor in 0.00 ms.
Unloading 1112 Unused Serialized files (Serialized files now loaded: 0)
System memory in use before: 61.3 MB.
System memory in use after: 61.4 MB.

Unloading 6 unused Assets to reduce memory usage. Loaded Objects now: 1980.
Total: 1.820500 ms (FindLiveObjects: 0.318500 ms CreateObjectMapping: 0.101300 ms MarkObjects: 1.328300 ms  DeleteObjects: 0.071100 ms)

========================================================================
Received Import Request.
  Time since last request: 21.087421 seconds.
  path: Assets/_Scripts/Bullet
  artifactKey: Guid(5106e6becca3b4645a7fc63cf5585239) Importer(815301076,1909f56bfc062723c751e8b465ee728b)
Start importing Assets/_Scripts/Bullet using Guid(5106e6becca3b4645a7fc63cf5585239) Importer(815301076,1909f56bfc062723c751e8b465ee728b)  -> (artifact id: '5f92abbdedab3aee038f1e5bc5f3d1ee') in 0.007483 seconds
  Import took 0.009886 seconds .

========================================================================
Received Prepare
Registering precompiled user dll's ...
Registered in 0.000406 seconds.
Begin MonoManager ReloadAssembly
Native extension for WindowsStandalone target not found
Refreshing native plugins compatible for Editor in 0.20 ms, found 0 plugins.
Preloading 0 native plugins for Editor in 0.00 ms.
Mono: successfully reloaded assembly
- Completed reload, in  0.741 seconds
Platform modules already initialized, skipping
Refreshing native plugins compatible for Editor in 0.21 ms, found 0 plugins.
Preloading 0 native plugins for Editor in 0.00 ms.
Unloading 1112 Unused Serialized files (Serialized files now loaded: 0)
System memory in use before: 61.3 MB.
System memory in use after: 61.4 MB.

Unloading 6 unused Assets to reduce memory usage. Loaded Objects now: 1983.
Total: 1.698600 ms (FindLiveObjects: 0.310600 ms CreateObjectMapping: 0.077000 ms MarkObjects: 1.256800 ms  DeleteObjects: 0.053000 ms)

========================================================================
Received Prepare
Registering precompiled user dll's ...
Registered in 0.000663 seconds.
Begin MonoManager ReloadAssembly
Native extension for WindowsStandalone target not found
Refreshing native plugins compatible for Editor in 0.20 ms, found 0 plugins.
Preloading 0 native plugins for Editor in 0.00 ms.
Mono: successfully reloaded assembly
- Completed reload, in  0.677 seconds
Platform modules already initialized, skipping
Refreshing native plugins compatible for Editor in 0.25 ms, found 0 plugins.
Preloading 0 native plugins for Editor in 0.00 ms.
Unloading 1112 Unused Serialized files (Serialized files now loaded: 0)
System memory in use before: 61.3 MB.
System memory in use after: 61.4 MB.

Unloading 6 unused Assets to reduce memory usage. Loaded Objects now: 1986.
Total: 1.597700 ms (FindLiveObjects: 0.273400 ms CreateObjectMapping: 0.076100 ms MarkObjects: 1.195200 ms  DeleteObjects: 0.051800 ms)

========================================================================
Received Import Request.
  Time since last request: 40.633703 seconds.
  path: Assets/_Scripts/Bullet/BulletLauncher.cs
  artifactKey: Guid(2b5f73ca33e4c374fbe4cdb0c17100d5) Importer(815301076,1909f56bfc062723c751e8b465ee728b)
Start importing Assets/_Scripts/Bullet/BulletLauncher.cs using Guid(2b5f73ca33e4c374fbe4cdb0c17100d5) Importer(815301076,1909f56bfc062723c751e8b465ee728b)  -> (artifact id: '689bc143251e8e47eed9e99c4c4b502e') in 0.003106 seconds
  Import took 0.004888 seconds .

========================================================================
Received Import Request.
  Time since last request: 0.002977 seconds.
  path: Assets/_Scripts/Bullet/BulletLauncher.cs
  artifactKey: Guid(2b5f73ca33e4c374fbe4cdb0c17100d5) Importer(815301076,1909f56bfc062723c751e8b465ee728b)
Start importing Assets/_Scripts/Bullet/BulletLauncher.cs using Guid(2b5f73ca33e4c374fbe4cdb0c17100d5) Importer(815301076,1909f56bfc062723c751e8b465ee728b)  -> (artifact id: '689bc143251e8e47eed9e99c4c4b502e') in 0.001476 seconds
  Import took 0.003198 seconds .

========================================================================
Received Prepare
Registering precompiled user dll's ...
Registered in 0.000750 seconds.
Begin MonoManager ReloadAssembly
Native extension for WindowsStandalone target not found
Refreshing native plugins compatible for Editor in 0.22 ms, found 0 plugins.
Preloading 0 native plugins for Editor in 0.00 ms.
Mono: successfully reloaded assembly
- Completed reload, in  0.773 seconds
Platform modules already initialized, skipping
Refreshing native plugins compatible for Editor in 0.20 ms, found 0 plugins.
Preloading 0 native plugins for Editor in 0.00 ms.
Unloading 1112 Unused Serialized files (Serialized files now loaded: 0)
System memory in use before: 61.3 MB.
System memory in use after: 61.4 MB.

Unloading 6 unused Assets to reduce memory usage. Loaded Objects now: 1989.
Total: 1.796000 ms (FindLiveObjects: 0.282300 ms CreateObjectMapping: 0.070200 ms MarkObjects: 1.385700 ms  DeleteObjects: 0.056800 ms)

========================================================================
Received Import Request.
  Time since last request: 20.286244 seconds.
  path: Assets/_Scripts/Bullet/BulletLauncher.cs
  artifactKey: Guid(2b5f73ca33e4c374fbe4cdb0c17100d5) Importer(815301076,1909f56bfc062723c751e8b465ee728b)
Start importing Assets/_Scripts/Bullet/BulletLauncher.cs using Guid(2b5f73ca33e4c374fbe4cdb0c17100d5) Importer(815301076,1909f56bfc062723c751e8b465ee728b)  -> (artifact id: 'a7261fa1d846c7df884f1b38e86e587d') in 0.003308 seconds
  Import took 0.004970 seconds .

========================================================================
Received Import Request.
  Time since last request: 10.052043 seconds.
  path: Assets/_Scripts/Interface
  artifactKey: Guid(c22396ac7925e05469082f681044afd4) Importer(815301076,1909f56bfc062723c751e8b465ee728b)
Start importing Assets/_Scripts/Interface using Guid(c22396ac7925e05469082f681044afd4) Importer(815301076,1909f56bfc062723c751e8b465ee728b)  -> (artifact id: '8fb03286cae2558af0402164ccdd69ec') in 0.005765 seconds
  Import took 0.008010 seconds .

========================================================================
Received Import Request.
  Time since last request: 11.726306 seconds.
  path: Assets/_Scripts/Interface/IGameController.cs
  artifactKey: Guid(a26b2adf5a763a041abd0480136fff0a) Importer(815301076,1909f56bfc062723c751e8b465ee728b)
Start importing Assets/_Scripts/Interface/IGameController.cs using Guid(a26b2adf5a763a041abd0480136fff0a) Importer(815301076,1909f56bfc062723c751e8b465ee728b)  -> (artifact id: 'ad56426e04c410b769921746ecf3747b') in 0.005394 seconds
  Import took 0.007657 seconds .

========================================================================
Received Prepare
Registering precompiled user dll's ...
Registered in 0.000550 seconds.
Begin MonoManager ReloadAssembly
Native extension for WindowsStandalone target not found
Refreshing native plugins compatible for Editor in 0.20 ms, found 0 plugins.
Preloading 0 native plugins for Editor in 0.00 ms.
Mono: successfully reloaded assembly
- Completed reload, in  0.747 seconds
Platform modules already initialized, skipping
Refreshing native plugins compatible for Editor in 0.22 ms, found 0 plugins.
Preloading 0 native plugins for Editor in 0.00 ms.
Unloading 1113 Unused Serialized files (Serialized files now loaded: 0)
System memory in use before: 61.4 MB.
System memory in use after: 61.4 MB.

Unloading 6 unused Assets to reduce memory usage. Loaded Objects now: 1993.
Total: 1.902300 ms (FindLiveObjects: 0.312500 ms CreateObjectMapping: 0.099600 ms MarkObjects: 1.432800 ms  DeleteObjects: 0.056200 ms)

========================================================================
Received Prepare
Registering precompiled user dll's ...
Registered in 0.000492 seconds.
Begin MonoManager ReloadAssembly
Native extension for WindowsStandalone target not found
Refreshing native plugins compatible for Editor in 0.21 ms, found 0 plugins.
Preloading 0 native plugins for Editor in 0.00 ms.
Mono: successfully reloaded assembly
- Completed reload, in  0.768 seconds
Platform modules already initialized, skipping
Refreshing native plugins compatible for Editor in 0.28 ms, found 0 plugins.
Preloading 0 native plugins for Editor in 0.00 ms.
Unloading 1113 Unused Serialized files (Serialized files now loaded: 0)
System memory in use before: 61.4 MB.
System memory in use after: 61.4 MB.

Unloading 6 unused Assets to reduce memory usage. Loaded Objects now: 1996.
Total: 1.687500 ms (FindLiveObjects: 0.315000 ms CreateObjectMapping: 0.073300 ms MarkObjects: 1.244200 ms  DeleteObjects: 0.053600 ms)

========================================================================
Received Import Request.
  Time since last request: 83.194620 seconds.
  path: Assets/_Scripts/Interface/IGameController.cs
  artifactKey: Guid(a26b2adf5a763a041abd0480136fff0a) Importer(815301076,1909f56bfc062723c751e8b465ee728b)
Start importing Assets/_Scripts/Interface/IGameController.cs using Guid(a26b2adf5a763a041abd0480136fff0a) Importer(815301076,1909f56bfc062723c751e8b465ee728b)  -> (artifact id: 'a11c70680660f5d652e96e1dc585c595') in 0.003045 seconds
  Import took 0.005196 seconds .

========================================================================
Received Import Request.
  Time since last request: 12.214362 seconds.
  path: Assets/_Scripts/Player
  artifactKey: Guid(af14d2a507b6e3942a478f6a4cfd0c34) Importer(815301076,1909f56bfc062723c751e8b465ee728b)
Start importing Assets/_Scripts/Player using Guid(af14d2a507b6e3942a478f6a4cfd0c34) Importer(815301076,1909f56bfc062723c751e8b465ee728b)  -> (artifact id: 'e53bad514a850586d219ecd7ffc3fcca') in 0.005410 seconds
  Import took 0.007279 seconds .

========================================================================
Received Import Request.
  Time since last request: 10.396577 seconds.
  path: Assets/_Scripts/Player/MouseGameController.cs
  artifactKey: Guid(d08836a055297934ab814c8d549cca17) Importer(815301076,1909f56bfc062723c751e8b465ee728b)
Start importing Assets/_Scripts/Player/MouseGameController.cs using Guid(d08836a055297934ab814c8d549cca17) Importer(815301076,1909f56bfc062723c751e8b465ee728b)  -> (artifact id: 'af9a5465cd866eff27d3dc10226262aa') in 0.005079 seconds
  Import took 0.006886 seconds .

========================================================================
Received Prepare
Registering precompiled user dll's ...
Registered in 0.000512 seconds.
Begin MonoManager ReloadAssembly
Native extension for WindowsStandalone target not found
Refreshing native plugins compatible for Editor in 0.20 ms, found 0 plugins.
Preloading 0 native plugins for Editor in 0.00 ms.
Mono: successfully reloaded assembly
- Completed reload, in  0.723 seconds
Platform modules already initialized, skipping
Refreshing native plugins compatible for Editor in 0.21 ms, found 0 plugins.
Preloading 0 native plugins for Editor in 0.00 ms.
Unloading 1114 Unused Serialized files (Serialized files now loaded: 0)
System memory in use before: 61.4 MB.
System memory in use after: 61.5 MB.

Unloading 6 unused Assets to reduce memory usage. Loaded Objects now: 2000.
Total: 2.207200 ms (FindLiveObjects: 0.243000 ms CreateObjectMapping: 0.060500 ms MarkObjects: 1.844800 ms  DeleteObjects: 0.057800 ms)

========================================================================
Received Prepare
Registering precompiled user dll's ...
Registered in 0.000475 seconds.
Begin MonoManager ReloadAssembly
Native extension for WindowsStandalone target not found
Refreshing native plugins compatible for Editor in 0.20 ms, found 0 plugins.
Preloading 0 native plugins for Editor in 0.00 ms.
Mono: successfully reloaded assembly
- Completed reload, in  0.735 seconds
Platform modules already initialized, skipping
Refreshing native plugins compatible for Editor in 0.26 ms, found 0 plugins.
Preloading 0 native plugins for Editor in 0.00 ms.
Unloading 1114 Unused Serialized files (Serialized files now loaded: 0)
System memory in use before: 61.4 MB.
System memory in use after: 61.5 MB.

Unloading 6 unused Assets to reduce memory usage. Loaded Objects now: 2003.
Total: 1.894300 ms (FindLiveObjects: 0.241300 ms CreateObjectMapping: 0.069300 ms MarkObjects: 1.525300 ms  DeleteObjects: 0.056500 ms)

========================================================================
Received Import Request.
  Time since last request: 82.871572 seconds.
  path: Assets/_Scripts/Player/MouseGameController.cs
  artifactKey: Guid(d08836a055297934ab814c8d549cca17) Importer(815301076,1909f56bfc062723c751e8b465ee728b)
Start importing Assets/_Scripts/Player/MouseGameController.cs using Guid(d08836a055297934ab814c8d549cca17) Importer(815301076,1909f56bfc062723c751e8b465ee728b)  -> (artifact id: '8d4535161c12904dfb19ecbaf623a73c') in 0.003889 seconds
  Import took 0.006899 seconds .

========================================================================
Received Prepare
Registering precompiled user dll's ...
Registered in 0.000455 seconds.
Begin MonoManager ReloadAssembly
Native extension for WindowsStandalone target not found
Refreshing native plugins compatible for Editor in 0.20 ms, found 0 plugins.
Preloading 0 native plugins for Editor in 0.00 ms.
Mono: successfully reloaded assembly
- Completed reload, in  0.691 seconds
Platform modules already initialized, skipping
Refreshing native plugins compatible for Editor in 0.20 ms, found 0 plugins.
Preloading 0 native plugins for Editor in 0.00 ms.
Unloading 1114 Unused Serialized files (Serialized files now loaded: 0)
System memory in use before: 61.4 MB.
System memory in use after: 61.5 MB.

Unloading 6 unused Assets to reduce memory usage. Loaded Objects now: 2006.
Total: 1.580100 ms (FindLiveObjects: 0.229400 ms CreateObjectMapping: 0.059800 ms MarkObjects: 1.241100 ms  DeleteObjects: 0.048600 ms)

========================================================================
Received Import Request.
  Time since last request: 36.251501 seconds.
  path: Assets/_Scripts/Player/KeyGameController.cs
  artifactKey: Guid(5f68ac22c2c418e4e812d7a42e5f869e) Importer(815301076,1909f56bfc062723c751e8b465ee728b)
Start importing Assets/_Scripts/Player/KeyGameController.cs using Guid(5f68ac22c2c418e4e812d7a42e5f869e) Importer(815301076,1909f56bfc062723c751e8b465ee728b)  -> (artifact id: '5ab750516b2d5523511f94b6025f1802') in 0.006457 seconds
  Import took 0.008270 seconds .

========================================================================
Received Prepare
Registering precompiled user dll's ...
Registered in 0.000709 seconds.
Begin MonoManager ReloadAssembly
Native extension for WindowsStandalone target not found
Refreshing native plugins compatible for Editor in 0.21 ms, found 0 plugins.
Preloading 0 native plugins for Editor in 0.00 ms.
Mono: successfully reloaded assembly
- Completed reload, in  0.753 seconds
Platform modules already initialized, skipping
Refreshing native plugins compatible for Editor in 0.21 ms, found 0 plugins.
Preloading 0 native plugins for Editor in 0.00 ms.
Unloading 1115 Unused Serialized files (Serialized files now loaded: 0)
System memory in use before: 61.4 MB.
System memory in use after: 61.5 MB.

Unloading 6 unused Assets to reduce memory usage. Loaded Objects now: 2010.
Total: 1.591300 ms (FindLiveObjects: 0.223700 ms CreateObjectMapping: 0.061900 ms MarkObjects: 1.232200 ms  DeleteObjects: 0.072400 ms)

========================================================================
Received Prepare
Registering precompiled user dll's ...
Registered in 0.000520 seconds.
Begin MonoManager ReloadAssembly
Native extension for WindowsStandalone target not found
Refreshing native plugins compatible for Editor in 0.26 ms, found 0 plugins.
Preloading 0 native plugins for Editor in 0.00 ms.
Mono: successfully reloaded assembly
- Completed reload, in  0.838 seconds
Platform modules already initialized, skipping
Refreshing native plugins compatible for Editor in 0.27 ms, found 0 plugins.
Preloading 0 native plugins for Editor in 0.00 ms.
Unloading 1115 Unused Serialized files (Serialized files now loaded: 0)
System memory in use before: 61.4 MB.
System memory in use after: 61.5 MB.

Unloading 6 unused Assets to reduce memory usage. Loaded Objects now: 2013.
Total: 1.754100 ms (FindLiveObjects: 0.293700 ms CreateObjectMapping: 0.108200 ms MarkObjects: 1.290900 ms  DeleteObjects: 0.059900 ms)

AssetImportWorkerClient::OnTransportError - code=2 error=End of file
